> nextn@0.1.0 typecheck
> tsc --noEmit

---
## Resultado do Typecheck

O typecheck inicial apresentou os seguintes erros:

`src/app/[locale]/(app)/settings/menus/bottom-bar/components/BottomBarTabManager.tsx(140,9): error TS2552: Cannot find name 'update'. Did you mean 'Date'?`

`src/app/[locale]/(app)/settings/menus/bottom-bar/page.tsx(110,65): error TS2339: Property 'error' does not exist on type '{ success: boolean; error?: string | undefined; } | { success: boolean; message: string; }'.`

Após as correções, o `typecheck` passou com sucesso.

---
## Correções Realizadas (Typecheck)

1.  **Arquivo**: `src/app/[locale]/(app)/settings/menus/bottom-bar/components/BottomBarTabManager.tsx`
    *   **Erro**: `error TS2552: Cannot find name 'update'.`
    *   **Correção**: A função `update` não estava sendo importada do hook `useFieldArray`. A correção foi adicioná-la à desestruturação do hook: `const { fields, append, remove, move, update } = useFieldArray(...)`.

2.  **Arquivo**: `src/app/[locale]/(app)/settings/menus/bottom-bar/page.tsx`
    *   **Erro**: `error TS2339: Property 'error' does not exist on type...`
    *   **Correção**: O objeto de resultado da action podia retornar a mensagem de erro tanto na propriedade `error` quanto na `message`. O código foi ajustado para verificar a existência de ambas e usar a que estiver disponível, garantindo a tipagem correta: `const errorMessage = 'error' in result ? result.error : ('message' in result ? result.message : t('toasts.saveError'));`

---
## Resultado do Lint

O linter encontrou 9 problemas (3 erros, 6 warnings):

`/home/user/studio/src/app/[locale]/(app)/settings/menus/bottom-bar/components/BottomBarTabManager.tsx`
  `70:26  warning  Compilation Skipped: Use of incompatible library` (react-hooks/incompatible-library)

`/home/user/studio/src/app/[locale]/(app)/settings/menus/bottom-bar/page.tsx`
  `116:31  warning  Compilation Skipped: Use of incompatible library` (react-hooks/incompatible-library)

`/home/user/studio/src/app/[locale]/(app)/settings/menus/presets/[presetId]/edit/components/BottomBarTabManager.tsx`
  `53:26  warning  Compilation Skipped: Use of incompatible library` (react-hooks/incompatible-library)

`/home/user/studio/src/components/dynamic-theme-applicator.tsx`
  `79:13  error  Error: Calling setState synchronously within an effect can trigger cascading renders` (react-hooks/set-state-in-effect)

`/home/user/studio/src/components/layout/app-logo.tsx`
  `88:9   error  Error: Calling setState synchronously within an effect can trigger cascading renders` (react-hooks/set-state-in-effect)
  `95:21  error  Error: Calling setState synchronously within an effect can trigger cascading renders` (react-hooks/set-state-in-effect)

`/home/user/studio/src/hooks/use-nx-general-settings-form.ts`
  `122:21  warning  Compilation Skipped: Use of incompatible library` (react-hooks/incompatible-library)

`/home/user/studio/src/hooks/use-nx-instance-form.ts`
  `72:37  warning  Compilation Skipped: Use of incompatible library` (react-hooks/incompatible-library)

`/home/user/studio/src/modules/calc-genius/components/FieldsTab.tsx`
  `134:36  warning  Compilation Skipped: Use of incompatible library` (react-hooks/incompatible-library)
